<?xml version="1.0" encoding="UTF-8"?>
<testng-results skipped="0" failed="0" total="1" passed="1">
  <reporter-output>
    <line>
      <![CDATA[No of row are::5    No of rows ::10]]>
    </line>
    <line>
      <![CDATA[Valid Login Details]]>
    </line>
    <line>
      <![CDATA[Logout success]]>
    </line>
    <line>
      <![CDATA[Valid Login Details]]>
    </line>
    <line>
      <![CDATA[Branch Created Successfully]]>
    </line>
    <line>
      <![CDATA[Logout success]]>
    </line>
    <line>
      <![CDATA[Valid Login Details]]>
    </line>
    <line>
      <![CDATA[Branch updated Sucessfully]]>
    </line>
    <line>
      <![CDATA[Branch Updated Success]]>
    </line>
    <line>
      <![CDATA[Logout success]]>
    </line>
  </reporter-output>
  <suite name="Default suite" duration-ms="114770" started-at="2020-05-22T15:30:42Z" finished-at="2020-05-22T15:32:37Z">
    <groups>
    </groups>
    <test name="Default test" duration-ms="114770" started-at="2020-05-22T15:30:42Z" finished-at="2020-05-22T15:32:37Z">
      <class name="DriverFactory.DriverScript">
        <test-method status="PASS" signature="setUp()[pri:0, instance:DriverFactory.DriverScript@5c7fa833]" name="setUp" is-config="true" duration-ms="15805" started-at="2020-05-22T21:00:42Z" finished-at="2020-05-22T21:00:58Z">
          <reporter-output>
          </reporter-output>
        </test-method> <!-- setUp -->
        <test-method status="PASS" signature="startTest()[pri:0, instance:DriverFactory.DriverScript@5c7fa833]" name="startTest" duration-ms="96907" started-at="2020-05-22T21:00:58Z" finished-at="2020-05-22T21:02:35Z">
          <reporter-output>
            <line>
              <![CDATA[No of row are::5    No of rows ::10]]>
            </line>
            <line>
              <![CDATA[Valid Login Details]]>
            </line>
            <line>
              <![CDATA[Logout success]]>
            </line>
            <line>
              <![CDATA[Valid Login Details]]>
            </line>
            <line>
              <![CDATA[Branch Created Successfully]]>
            </line>
            <line>
              <![CDATA[Logout success]]>
            </line>
            <line>
              <![CDATA[Valid Login Details]]>
            </line>
            <line>
              <![CDATA[Branch updated Sucessfully]]>
            </line>
            <line>
              <![CDATA[Branch Updated Success]]>
            </line>
            <line>
              <![CDATA[Logout success]]>
            </line>
          </reporter-output>
        </test-method> <!-- startTest -->
        <test-method status="PASS" signature="tearDown()[pri:0, instance:DriverFactory.DriverScript@5c7fa833]" name="tearDown" is-config="true" duration-ms="2038" started-at="2020-05-22T21:02:35Z" finished-at="2020-05-22T21:02:37Z">
          <reporter-output>
          </reporter-output>
        </test-method> <!-- tearDown -->
      </class> <!-- DriverFactory.DriverScript -->
    </test> <!-- Default test -->
  </suite> <!-- Default suite -->
</testng-results>
